<?xml version="1.0" encoding="UTF-8"?>
<coverage generated="1756216167768" clover="3.2.0">
  <project timestamp="1756216167768" name="All files">
    <metrics statements="5" coveredstatements="5" conditionals="2" coveredconditionals="1" methods="2" coveredmethods="2" elements="9" coveredelements="8" complexity="0" loc="5" ncloc="5" packages="1" files="1" classes="1"/>
    <file name="mwst.js" path="C:\Users\wogui\OneDrive\Dokumenty\GitHub\Workflow_Docker_EC2\testing_example\mwst.js">
      <metrics statements="5" coveredstatements="5" conditionals="2" coveredconditionals="1" methods="2" coveredmethods="2"/>
      <line num="3" count="5" type="stmt"/>
      <line num="6" count="5" type="stmt"/>
      <line num="11" count="2" type="stmt"/>
      <line num="12" count="2" type="stmt"/>
      <line num="15" count="1" type="stmt"/>
    </file>
  </project>
</coverage>
