{"C:\\Users\\wogui\\OneDrive\\Dokumenty\\GitHub\\Workflow_Docker_EC2\\testing_example\\mwst.js": {"path":"C:\\Users\\wogui\\OneDrive\\Dokumenty\\GitHub\\Workflow_Docker_EC2\\testing_example\\mwst.js","statementMap":{"0":{"start":{"line":3,"column":19},"end":{"line":3,"column":32}},"1":{"start":{"line":6,"column":4},"end":{"line":6,"column":42}},"2":{"start":{"line":11,"column":19},"end":{"line":11,"column":42}},"3":{"start":{"line":12,"column":4},"end":{"line":12,"column":66}},"4":{"start":{"line":15,"column":0},"end":{"line":15,"column":34}}},"fnMap":{"0":{"name":"mwst","decl":{"start":{"line":2,"column":9},"end":{"line":2,"column":13}},"loc":{"start":{"line":2,"column":35},"end":{"line":7,"column":1}},"line":2},"1":{"name":"brutto","decl":{"start":{"line":10,"column":9},"end":{"line":10,"column":15}},"loc":{"start":{"line":10,"column":42},"end":{"line":13,"column":1}},"line":10}},"branchMap":{"0":{"loc":{"start":{"line":2,"column":22},"end":{"line":2,"column":33}},"type":"default-arg","locations":[{"start":{"line":2,"column":29},"end":{"line":2,"column":33}}],"line":2},"1":{"loc":{"start":{"line":10,"column":29},"end":{"line":10,"column":40}},"type":"default-arg","locations":[{"start":{"line":10,"column":36},"end":{"line":10,"column":40}}],"line":10}},"s":{"0":5,"1":5,"2":2,"3":2,"4":1},"f":{"0":5,"1":2},"b":{"0":[2],"1":[0]},"_coverageSchema":"1a1c01bbd47fc00a2c39e90264f33305004495a9","hash":"85d34b5153520a2b03374a10c9f05719ee62919c"}
}
